 '2022-12-16 23:55:13,185 : INFO :gs logger_config : authenticate  sp_code:200, sp_message:Ok'
 '2022-12-16 23:55:13,726 : INFO :gs logger_config : check_payment_status  sp_code:  1005,  sp_message:Bank Response Failed'
 '2022-12-16 23:55:14,738 : INFO :gs logger_config : authenticate  sp_code:200, sp_message:Ok'
 '2022-12-16 23:55:16,157 : INFO :gs logger_config : make_payment  Shurjopay Payment Request Successful!'
 '2022-12-16 23:55:16,638 : INFO :gs logger_config : authenticate  sp_code:200, sp_message:Ok'
 '2022-12-16 23:55:17,072 : INFO :gs logger_config : verify_payment  sp_code:1005, sp_message:Bank Response Failed'
 '2022-12-16 23:55:17,072 : ERROR :gs logger_config : verify_payment  Shurjopay Payment Verification Failed!: ('Shurjopay Payment Verification Failed!', 'Bank Response Failed')'
 '2022-12-17 00:57:18,291 : INFO :gs logger_config : authenticate  sp_code:200, sp_message:Ok'
 '2022-12-17 00:57:18,939 : INFO :gs logger_config : check_payment_status  sp_code:  1005,  sp_message:Bank Response Failed'
 '2022-12-17 00:57:19,346 : INFO :gs logger_config : authenticate  sp_code:200, sp_message:Ok'
 '2022-12-17 00:57:25,304 : INFO :gs logger_config : make_payment  Shurjopay Payment Request Successful!'
 '2022-12-17 00:57:25,715 : INFO :gs logger_config : authenticate  sp_code:200, sp_message:Ok'
 '2022-12-17 00:57:26,161 : INFO :gs logger_config : verify_payment  sp_code:1005, sp_message:Bank Response Failed'
 '2022-12-17 00:57:26,161 : ERROR :gs logger_config : verify_payment  Shurjopay Payment Verification Failed!: ('Shurjopay Payment Verification Failed!', 'Bank Response Failed')'
 '2022-12-17 11:42:46,727 : INFO :gs logger_config : authenticate  sp_code:200, sp_message:Ok'
 '2022-12-17 11:42:49,087 : INFO :gs logger_config : check_payment_status  sp_code:  1005,  sp_message:Bank Response Failed'
 '2022-12-17 11:42:50,368 : INFO :gs logger_config : authenticate  sp_code:200, sp_message:Ok'
 '2022-12-17 11:42:53,851 : INFO :gs logger_config : make_payment  Shurjopay Payment Request Successful!'
 '2022-12-17 11:42:54,571 : INFO :gs logger_config : authenticate  sp_code:200, sp_message:Ok'
 '2022-12-17 11:42:55,782 : INFO :gs logger_config : verify_payment  sp_code:1005, sp_message:Bank Response Failed'
 '2022-12-17 11:42:55,783 : ERROR :gs logger_config : verify_payment  Shurjopay Payment Verification Failed!: ('Shurjopay Payment Verification Failed!', 'Bank Response Failed')'
 '2022-12-17 11:46:05,624 : INFO :gs logger_config : authenticate  sp_code:200, sp_message:Ok'
 '2022-12-17 11:46:07,300 : INFO :gs logger_config : check_payment_status  sp_code:  1005,  sp_message:Bank Response Failed'
 '2022-12-17 11:46:14,617 : INFO :gs logger_config : authenticate  sp_code:200, sp_message:Ok'
 '2022-12-17 11:46:17,375 : INFO :gs logger_config : make_payment  Shurjopay Payment Request Successful!'
 '2022-12-17 11:46:18,063 : INFO :gs logger_config : authenticate  sp_code:200, sp_message:Ok'
 '2022-12-17 11:46:20,218 : INFO :gs logger_config : verify_payment  sp_code:1005, sp_message:Bank Response Failed'
 '2022-12-17 11:46:20,219 : ERROR :gs logger_config : verify_payment  Shurjopay Payment Verification Failed!: ('Shurjopay Payment Verification Failed!', 'Bank Response Failed')'
 '2022-12-17 12:29:49,865 : INFO :gs logger_config : authenticate  sp_code:200, sp_message:Successfully authenticated with Marchent'
 '2022-12-17 12:29:50,834 : INFO :gs logger_config : check_payment_status  sp_code:  1005,  sp_message:Bank Response Failed'
 '2022-12-17 12:29:52,872 : INFO :gs logger_config : authenticate  sp_code:200, sp_message:Successfully authenticated with Marchent'
 '2022-12-17 12:29:53,671 : INFO :gs logger_config : make_payment  Shurjopay Payment Request Successful!'
 '2022-12-17 12:29:54,511 : INFO :gs logger_config : authenticate  sp_code:200, sp_message:Successfully authenticated with Marchent'
 '2022-12-17 12:29:55,351 : INFO :gs logger_config : verify_payment  sp_code:1005, sp_message:Bank Response Failed'
 '2022-12-17 12:29:55,351 : ERROR :gs logger_config : verify_payment  Shurjopay Payment Verification Failed!: ('Shurjopay Payment Verification Failed!', 'Bank Response Failed')'
 '2022-12-17 12:31:33,315 : INFO :gs logger_config : authenticate  sp_code:200, sp_message:Successfully authenticated with Marchent'
 '2022-12-17 12:31:34,008 : INFO :gs logger_config : check_payment_status  sp_code:  1005,  sp_message:Bank Response Failed'
 '2022-12-17 12:31:34,633 : INFO :gs logger_config : authenticate  sp_code:200, sp_message:Successfully authenticated with Marchent'
 '2022-12-17 12:31:35,204 : INFO :gs logger_config : make_payment  Shurjopay Payment Request Successful!'
 '2022-12-17 12:31:35,829 : INFO :gs logger_config : authenticate  sp_code:200, sp_message:Successfully authenticated with Marchent'
 '2022-12-17 12:31:37,323 : INFO :gs logger_config : verify_payment  sp_code:1005, sp_message:Bank Response Failed'
 '2022-12-17 12:31:37,323 : ERROR :gs logger_config : verify_payment  Shurjopay Payment Verification Failed!: ('Shurjopay Payment Verification Failed!', 'Bank Response Failed')'
 '2022-12-17 12:32:27,974 : INFO :gs logger_config : authenticate  sp_code:200, sp_message:Successfully authenticated with Marchent'
 '2022-12-17 12:32:28,717 : INFO :gs logger_config : check_payment_status  sp_code:1011, sp_message:Please check your orderid!'
 '2022-12-17 12:32:29,920 : INFO :gs logger_config : authenticate  sp_code:200, sp_message:Successfully authenticated with Marchent'
 '2022-12-17 12:32:31,726 : INFO :gs logger_config : make_payment  Shurjopay Payment Request Successful!'
 '2022-12-17 12:32:32,553 : INFO :gs logger_config : authenticate  sp_code:200, sp_message:Successfully authenticated with Marchent'
 '2022-12-17 12:32:34,727 : INFO :gs logger_config : verify_payment  sp_code:1005, sp_message:Bank Response Failed'
 '2022-12-17 12:32:34,727 : ERROR :gs logger_config : verify_payment  Shurjopay Payment Verification Failed!: ('Shurjopay Payment Verification Failed!', 'Bank Response Failed')'
 '2022-12-17 12:33:23,382 : INFO :gs logger_config : authenticate  sp_code:200, sp_message:Successfully authenticated with Marchent'
 '2022-12-17 12:33:24,223 : INFO :gs logger_config : check_payment_status  sp_code:1011, sp_message:Please check your orderid!'
 '2022-12-17 12:33:24,944 : INFO :gs logger_config : authenticate  sp_code:200, sp_message:Successfully authenticated with Marchent'
 '2022-12-17 12:33:30,704 : INFO :gs logger_config : make_payment  Shurjopay Payment Request Successful!'
 '2022-12-17 12:33:32,210 : INFO :gs logger_config : authenticate  sp_code:200, sp_message:Successfully authenticated with Marchent'
 '2022-12-17 12:33:33,010 : INFO :gs logger_config : verify_payment  sp_code:1005, sp_message:Bank Response Failed'
 '2022-12-17 12:33:33,010 : ERROR :gs logger_config : verify_payment  Shurjopay Payment Verification Failed!: ('Shurjopay Payment Verification Failed!', 'Bank Response Failed')'
 '2022-12-17 12:35:09,324 : INFO :gs logger_config : authenticate  sp_code:200, sp_message:Successfully authenticated with Marchent'
 '2022-12-17 12:35:10,164 : INFO :gs logger_config : check_payment_status  sp_code:1011, sp_message:Please check your orderid!'
 '2022-12-17 12:35:11,001 : INFO :gs logger_config : authenticate  sp_code:200, sp_message:Successfully authenticated with Marchent'
 '2022-12-17 12:35:12,206 : INFO :gs logger_config : make_payment  Shurjopay Payment Request Successful!'
 '2022-12-17 12:35:14,125 : INFO :gs logger_config : authenticate  sp_code:200, sp_message:Successfully authenticated with Marchent'
 '2022-12-17 12:35:14,957 : INFO :gs logger_config : verify_payment  sp_code:1005, sp_message:Bank Response Failed'
 '2022-12-17 12:35:14,957 : ERROR :gs logger_config : verify_payment  Shurjopay Payment Verification Failed!: ('Shurjopay Payment Verification Failed!', 'Bank Response Failed')'
 '2022-12-17 12:43:10,137 : INFO :gs logger_config : authenticate  sp_code:200, sp_message:Successfully authenticated with Marchent'
 '2022-12-17 12:43:10,812 : INFO :gs logger_config : check_payment_status  sp_code:1011, sp_message:Please check your orderid!'
 '2022-12-17 12:43:11,443 : INFO :gs logger_config : authenticate  sp_code:200, sp_message:Successfully authenticated with Marchent'
 '2022-12-17 12:43:12,126 : INFO :gs logger_config : make_payment  Shurjopay Payment Request Successful!'
 '2022-12-17 12:43:13,328 : INFO :gs logger_config : authenticate  sp_code:200, sp_message:Successfully authenticated with Marchent'
 '2022-12-17 12:43:14,815 : INFO :gs logger_config : verify_payment  sp_code:1005, sp_message:Bank Response Failed'
 '2022-12-17 12:43:14,816 : ERROR :gs logger_config : verify_payment  Shurjopay Payment Verification Failed!: ('Shurjopay Payment Verification Failed!', 'Bank Response Failed')'
 '2022-12-17 12:45:53,893 : INFO :gs logger_config : authenticate  sp_code:200, sp_message:Successfully authenticated with Marchent'
 '2022-12-17 12:45:54,692 : INFO :gs logger_config : check_payment_status  sp_code:1011, sp_message:Please check your orderid!'
 '2022-12-17 12:45:55,451 : INFO :gs logger_config : authenticate  sp_code:200, sp_message:Successfully authenticated with Marchent'
 '2022-12-17 12:45:56,132 : INFO :gs logger_config : make_payment  Shurjopay Payment Request Successful!'
 '2022-12-17 12:45:56,816 : INFO :gs logger_config : authenticate  sp_code:200, sp_message:Successfully authenticated with Marchent'
 '2022-12-17 12:45:57,535 : INFO :gs logger_config : verify_payment  sp_code:1005, sp_message:Bank Response Failed'
 '2022-12-17 12:45:57,535 : ERROR :gs logger_config : verify_payment  Shurjopay Payment Verification Failed!: ('Shurjopay Payment Verification Failed!', 'Bank Response Failed')'
 '2022-12-17 12:53:44,262 : INFO :gs logger_config : authenticate  sp_code:200, sp_message:Successfully authenticated with Marchent'
 '2022-12-17 12:53:44,994 : INFO :gs logger_config : check_payment_status  sp_code:1011, sp_message:Please check your orderid!'
 '2022-12-17 12:53:45,824 : INFO :gs logger_config : authenticate  sp_code:200, sp_message:Successfully authenticated with Marchent'
 '2022-12-17 12:53:46,741 : INFO :gs logger_config : make_payment  Shurjopay Payment Request Successful!'
 '2022-12-17 12:53:47,942 : INFO :gs logger_config : authenticate  sp_code:200, sp_message:Successfully authenticated with Marchent'
 '2022-12-17 12:53:48,544 : INFO :gs logger_config : verify_payment  sp_code:1005, sp_message:Bank Response Failed'
 '2022-12-17 12:53:48,544 : ERROR :gs logger_config : verify_payment  Shurjopay Payment Verification Failed!: ('Shurjopay Payment Verification Failed!', 'Bank Response Failed')'
 '2022-12-17 13:08:40,246 : INFO :gs logger_config : authenticate  sp_code:200, sp_message:Successfully authenticated with Marchent'
 '2022-12-17 13:08:44,198 : INFO :gs logger_config : check_payment_status  sp_code:1011, sp_message:Please check your orderid!'
 '2022-12-17 13:08:44,726 : INFO :gs logger_config : authenticate  sp_code:200, sp_message:Successfully authenticated with Marchent'
 '2022-12-17 13:08:50,556 : INFO :gs logger_config : make_payment  Shurjopay Payment Request Successful!'
 '2022-12-17 13:08:51,205 : INFO :gs logger_config : authenticate  sp_code:200, sp_message:Successfully authenticated with Marchent'
 '2022-12-17 13:08:51,920 : INFO :gs logger_config : verify_payment  sp_code:1005, sp_message:Bank Response Failed'
 '2022-12-17 13:08:51,920 : ERROR :gs logger_config : verify_payment  Shurjopay Payment Verification Failed!: ('Shurjopay Payment Verification Failed!', 'Bank Response Failed')'
 '2022-12-17 13:08:54,953 : INFO :gs logger_config : authenticate  sp_code:200, sp_message:Successfully authenticated with Marchent'
 '2022-12-17 13:08:57,235 : INFO :gs logger_config : check_payment_status  sp_code:1011, sp_message:Please check your orderid!'
 '2022-12-17 13:09:02,849 : INFO :gs logger_config : authenticate  sp_code:200, sp_message:Successfully authenticated with Marchent'
 '2022-12-17 13:36:51,504 : INFO :gs logger_config : authenticate  sp_code:200, sp_message:Successfully authenticated with Marchent'
 '2022-12-17 13:36:52,225 : INFO :gs logger_config : make_payment  Shurjopay Payment Request Successful!'
 '2022-12-17 13:36:52,943 : INFO :gs logger_config : authenticate  sp_code:200, sp_message:Successfully authenticated with Marchent'
 '2022-12-17 13:36:54,867 : INFO :gs logger_config : verify_payment  sp_code:1005, sp_message:Bank Response Failed'
 '2022-12-17 13:36:54,867 : ERROR :gs logger_config : verify_payment  Shurjopay Payment Verification Failed!: ('Shurjopay Payment Verification Failed!', 'Bank Response Failed')'
 '2022-12-17 13:37:44,509 : INFO :gs logger_config : authenticate  sp_code:200, sp_message:Successfully authenticated with Marchent'
 '2022-12-17 13:37:45,199 : INFO :gs logger_config : get_payment_details  sp_code:1011, sp_message:Please check your orderid!'
 '2022-12-17 13:37:45,836 : INFO :gs logger_config : authenticate  sp_code:200, sp_message:Successfully authenticated with Marchent'
 '2022-12-17 13:37:46,637 : INFO :gs logger_config : make_payment  Shurjopay Payment Request Successful!'
 '2022-12-17 13:37:47,268 : INFO :gs logger_config : authenticate  sp_code:200, sp_message:Successfully authenticated with Marchent'
 '2022-12-17 13:37:47,962 : INFO :gs logger_config : verify_payment  sp_code:1005, sp_message:Bank Response Failed'
 '2022-12-17 13:37:47,963 : ERROR :gs logger_config : verify_payment  Shurjopay Payment Verification Failed!: ('Shurjopay Payment Verification Failed!', 'Bank Response Failed')'
 '2022-12-17 13:38:59,049 : INFO :gs logger_config : authenticate  sp_code:200, sp_message:Successfully authenticated with Marchent'
 '2022-12-17 13:38:59,851 : INFO :gs logger_config : get_payment_details  sp_code:1011, sp_message:Please check your orderid!'
 '2022-12-17 13:39:00,569 : INFO :gs logger_config : authenticate  sp_code:200, sp_message:Successfully authenticated with Marchent'
 '2022-12-17 13:39:01,554 : INFO :gs logger_config : make_payment  Shurjopay Payment Request Successful!'
 '2022-12-17 13:39:02,250 : INFO :gs logger_config : authenticate  sp_code:200, sp_message:Successfully authenticated with Marchent'
 '2022-12-17 13:39:07,859 : INFO :gs logger_config : verify_payment  sp_code:1011, sp_message:Please check your order id'
 '2022-12-17 13:39:49,335 : INFO :gs logger_config : authenticate  sp_code:200, sp_message:Successfully authenticated with Marchent'
 '2022-12-17 13:39:50,050 : INFO :gs logger_config : get_payment_details  sp_code:1011, sp_message:Please check your orderid!'
 '2022-12-17 13:39:50,765 : INFO :gs logger_config : authenticate  sp_code:200, sp_message:Successfully authenticated with Marchent'
 '2022-12-17 13:39:53,530 : INFO :gs logger_config : make_payment  Shurjopay Payment Request Successful!'
 '2022-12-17 13:39:54,246 : INFO :gs logger_config : authenticate  sp_code:200, sp_message:Successfully authenticated with Marchent'
 '2022-12-17 13:39:54,844 : INFO :gs logger_config : verify_payment  sp_code:1011, sp_message:Please check your order id'
